nohup: ignoring input
[auto_backup] repo=/home/sudil/Desktop/train_schedule_sl branch=master prefix='data backup' start_from=04 interval=21600s
[master 8f4b6ea] data backup 05
 50 files changed, 26562 insertions(+), 1 deletion(-)
 create mode 100644 auto_git_backup.pid
remote: warning: See https://gh.io/lfs for more information.        
remote: warning: File data/shard_14_of_16/http_cache.shard_14_of_16 is 74.71 MB; this is larger than GitHub's recommended maximum file size of 50.00 MB        
remote: warning: File data/shard_2_of_16/http_cache.shard_2_of_16 is 86.90 MB; this is larger than GitHub's recommended maximum file size of 50.00 MB        
remote: warning: File data/shard_13_of_16/http_cache.shard_13_of_16 is 90.57 MB; this is larger than GitHub's recommended maximum file size of 50.00 MB        
remote: warning: File data/shard_4_of_16/http_cache.shard_4_of_16 is 83.84 MB; this is larger than GitHub's recommended maximum file size of 50.00 MB        
remote: warning: File data/shard_5_of_16/http_cache.shard_5_of_16 is 80.72 MB; this is larger than GitHub's recommended maximum file size of 50.00 MB        
remote: warning: File data/shard_6_of_16/http_cache.shard_6_of_16 is 73.26 MB; this is larger than GitHub's recommended maximum file size of 50.00 MB        
remote: warning: File data/shard_7_of_16/http_cache.shard_7_of_16 is 82.09 MB; this is larger than GitHub's recommended maximum file size of 50.00 MB        
remote: warning: File data/shard_11_of_16/http_cache.shard_11_of_16 is 86.98 MB; this is larger than GitHub's recommended maximum file size of 50.00 MB        
remote: warning: File data/shard_1_of_16/http_cache.shard_1_of_16 is 80.48 MB; this is larger than GitHub's recommended maximum file size of 50.00 MB        
remote: warning: File data/shard_8_of_16/http_cache.shard_8_of_16 is 84.97 MB; this is larger than GitHub's recommended maximum file size of 50.00 MB        
remote: warning: File data/shard_9_of_16/http_cache.shard_9_of_16 is 73.98 MB; this is larger than GitHub's recommended maximum file size of 50.00 MB        
remote: warning: File data/shard_0_of_16/http_cache.shard_0_of_16 is 78.09 MB; this is larger than GitHub's recommended maximum file size of 50.00 MB        
remote: warning: File data/shard_10_of_16/http_cache.shard_10_of_16 is 79.26 MB; this is larger than GitHub's recommended maximum file size of 50.00 MB        
remote: warning: File data/shard_12_of_16/http_cache.shard_12_of_16 is 85.93 MB; this is larger than GitHub's recommended maximum file size of 50.00 MB        
remote: warning: File data/shard_15_of_16/http_cache.shard_15_of_16 is 81.98 MB; this is larger than GitHub's recommended maximum file size of 50.00 MB        
remote: warning: File data/shard_3_of_16/http_cache.shard_3_of_16 is 74.74 MB; this is larger than GitHub's recommended maximum file size of 50.00 MB        
remote: warning: GH001: Large files detected. You may want to try Git Large File Storage - https://git-lfs.github.com.        
To https://github.com/SudilHasitha/train_data_sl.git
   f5d162d..8f4b6ea  HEAD -> master
branch 'master' set up to track 'origin/master'.
[2025-10-02T13:23:41+05:30] pushed: 'data backup 05' to origin/master
